<?xml version="1.0" encoding="UTF-8"?>
<!-- Generated by org.testng.reporters.JUnitReportReporter -->
<testsuite skipped="0" hostname="Gulnoza-PC" name="restapi.RestApiAutomation" tests="5" failures="0" timestamp="04 Feb 2020 19:05:29 GMT" time="3.178" errors="0">
  <testcase name="testGetRequest_getAllVideoGames_TC1" time="1.880" classname="restapi.RestApiAutomation"/>
  <testcase name="testPost_toAddNewVideoGame" time="0.552" classname="restapi.RestApiAutomation"/>
  <testcase name="testGet_toGetCreatedVideoID" time="0.640" classname="restapi.RestApiAutomation"/>
  <testcase name="testPUT_toUpdateVideoGame" time="0.069" classname="restapi.RestApiAutomation"/>
  <testcase name="testDelete_toDeleteVideoGameID" time="0.037" classname="restapi.RestApiAutomation"/>
</testsuite> <!-- restapi.RestApiAutomation -->
